Arguments: 
  C:\Program Files\nodejs\node.exe C:\Users\rb136m\AppData\Roaming\npm\node_modules\yarn\bin\yarn.js

PATH: 
  C:\ProgramData\Oracle\Java\javapath;C:\Program Files (x86)\RSA SecurID Token Common;C:\WINDOWS\system32\WindowsPowerShell\v1.0\;C:\windows\system32;C:\windows;C:\windows\System32\Wbem;C:\windows\System32\WindowsPowerShell\v1.0\;C:\windows\System32\WindowsPowerShell\v1.0\;C:\windows\System32\WindowsPowerShell\v1.0\;C:\windows\System32\WindowsPowerShell\v1.0\%;S_TOOLS%;C:\Users\rb136m\AppData\Roaming\nvm;C:\Program Files\nodejs;C:\Program Files\Geth;C:\Go\bin;C:\Program Files\Git\cmd;C:\Program Files\Git\mingw64\bin;C:\Program Files\Git\usr\bin;C:\windows\_SUPPORT\Tools;C:\Program Files\PuTTY\;C:\Program Files\Microsoft VS Code\bin;C:\Program Files\Amazon\AWSCLI\;C:\Program Files\Microsoft VS Code Insiders\bin;C:\Users\rb136m\scoop\apps\gcc\current\bin;C:\Users\rb136m\scoop\shims;C:\Program Files\Microsoft VS Code\bin;C:\Program Files\Microsoft VS Code Insiders\bin;C:\phantomjs\bin;C:\Users\rb136m\AppData\Roaming\npm;C:\Users\rb136m\AppData\Roaming\nvm;C:\Program Files\nodejs;C:\Program Files\wkhtmltopdf\bin;C:\Go\bin

Yarn version: 
  1.6.0

Node version: 
  9.9.0

Platform: 
  win32 x64

Trace: 
  Error: connect ETIMEDOUT 135.76.2.103:4873
      at TCPConnectWrap.afterConnect [as oncomplete] (net.js:1173:14)

npm manifest: 
  {
    "name": "logelas",
    "version": "1.0.20",
    "description": "",
    "main": "index.js",
    "homepage": "https://nodulusteam.github.io/logelas/",
    "keywords": [
      "nodulus",
      "logelas",
      "logs",
      "logging"
    ],
    "scripts": {
      "prepare": "npm test",
      "prepublishOnly": "npm version patch",
      "pretest": "tsc",
      "test": "alsatian tests/*.spec.js"
    },
    "repository": {
      "type": "git",
      "url": "https://github.com/nodulusteam/logelas.git"
    },
    "author": "nodulusteam <nodulusteam@gmail.com> (https://nodulusteam.github.io/logelas/)",
    "license": "(MIT OR Apache-2.0)",
    "devDependencies": {
      "@types/mocha": "^2.2.41",
      "@types/node": "^7.0.31",
      "alsatian": "^2.0.0",
      "typescript": "^2.4.1"
    },
    "dependencies": {
      "debug": "^3.0.1",
      "log": "^1.4.0",
      "log-symbols": "^2.0.0",
      "logrotator": "^1.1.0",
      "mkdirp": "^0.5.1"
    }
  }

yarn manifest: 
  No manifest

Lockfile: 
  No lockfile
